rm: cannot remove `/search/maxi/jiangshan/Text_Align/data/text_align': No such file or directory
Pre_Process Time: 0.5639584064483643s
Force_Alignment Time: 108.60503888130188s
Total Time: 109.16905045509338s
Pre_Process Time: 0.5623869895935059s
Force_Alignment Time: 108.64405107498169s
Total Time: 109.20649123191833s
Pre_Process Time: 0.5666911602020264s
Cal_Dist_Matrix Time: 242.71877646446228s
Force_Alignment Time: 44.23908805847168s
Align_Correct Time: 0.0007417201995849609s
Result_Output Time: 0.00034332275390625s
Total Time: 288.85072231292725s
Pre_Process Time: 0.5550353527069092s
Force_Alignment Time: 121.13041663169861s
Total Time: 121.68549585342407s
Pre_Process Time: 0.5637297630310059s
Force_Alignment Time: 121.62371802330017s
Total Time: 122.1874942779541s
Pre_Process Time: 0.5621223449707031s
Cal_Dist_Matrix Time: 277.89821672439575s
Force_Alignment Time: 52.54234313964844s
Align_Correct Time: 0.0007610321044921875s
Result_Output Time: 0.0003578662872314453s
Total Time: 332.4811716079712s
Pre_Process Time: 0.5586860179901123s
Force_Alignment Time: 128.9579005241394s
Total Time: 129.51663851737976s
Pre_Process Time: 0.5526604652404785s
Force_Alignment Time: 129.68257689476013s
Total Time: 130.23528695106506s
Pre_Process Time: 0.5711472034454346s
Cal_Dist_Matrix Time: 287.7162444591522s
Force_Alignment Time: 53.54445290565491s
Align_Correct Time: 0.0009238719940185547s
Result_Output Time: 0.0003733634948730469s
Total Time: 343.3094413280487s
Pre_Process Time: 0.5669195652008057s
Force_Alignment Time: 130.41454076766968s
Total Time: 130.98150515556335s
Pre_Process Time: 0.5635848045349121s
Force_Alignment Time: 132.1247684955597s
Total Time: 132.6884059906006s
Pre_Process Time: 0.5647239685058594s
Cal_Dist_Matrix Time: 293.03398728370667s
Force_Alignment Time: 54.46969246864319s
Align_Correct Time: 0.0008640289306640625s
Result_Output Time: 0.0003371238708496094s
Total Time: 349.5751714706421s
Pre_Process Time: 0.5507307052612305s
Force_Alignment Time: 138.2389259338379s
Total Time: 138.78969883918762s
Pre_Process Time: 0.5599558353424072s
Force_Alignment Time: 140.18564367294312s
Total Time: 140.74565196037292s
Pre_Process Time: 0.567035436630249s
Cal_Dist_Matrix Time: 305.69730734825134s
Force_Alignment Time: 56.12024974822998s
Align_Correct Time: 0.0010442733764648438s
Result_Output Time: 0.00038170814514160156s
Total Time: 363.9617609977722s
Pre_Process Time: 0.5527534484863281s
Force_Alignment Time: 133.30151629447937s
Total Time: 133.854323387146s
Pre_Process Time: 0.5689940452575684s
Force_Alignment Time: 133.37774205207825s
Total Time: 133.94678807258606s
Pre_Process Time: 0.5642514228820801s
Cal_Dist_Matrix Time: 302.7034242153168s
Force_Alignment Time: 55.30999994277954s
Align_Correct Time: 0.0008275508880615234s
Result_Output Time: 0.0003592967987060547s
Total Time: 360.1074435710907s
Pre_Process Time: 0.5546743869781494s
Force_Alignment Time: 117.6355791091919s
Total Time: 118.19030261039734s
Pre_Process Time: 0.5610826015472412s
Force_Alignment Time: 118.32379388809204s
Total Time: 118.88493061065674s
Pre_Process Time: 0.562140941619873s
Cal_Dist_Matrix Time: 265.79484248161316s
Force_Alignment Time: 49.871018409729004s
Align_Correct Time: 0.001165628433227539s
Result_Output Time: 0.00037860870361328125s
Total Time: 317.63134002685547s
Pre_Process Time: 0.5524044036865234s
Force_Alignment Time: 169.46096920967102s
Total Time: 170.01342463493347s
Pre_Process Time: 0.5616915225982666s
Force_Alignment Time: 170.70774030685425s
Total Time: 171.2694787979126s
Pre_Process Time: 0.5627350807189941s
Cal_Dist_Matrix Time: 383.23956084251404s
Force_Alignment Time: 72.97203493118286s
Align_Correct Time: 0.0009779930114746094s
Result_Output Time: 0.00038623809814453125s
Total Time: 458.72904229164124s
Pre_Process Time: 0.563007116317749s
Force_Alignment Time: 146.053382396698s
Total Time: 146.61643815040588s
Pre_Process Time: 0.5604262351989746s
Force_Alignment Time: 149.18403124809265s
Total Time: 149.74451279640198s
Pre_Process Time: 0.5654973983764648s
Cal_Dist_Matrix Time: 338.41595911979675s
Force_Alignment Time: 64.83070254325867s
Align_Correct Time: 0.0007750988006591797s
Result_Output Time: 0.00030159950256347656s
Total Time: 405.5517592430115s
Pre_Process Time: 0.5514953136444092s
Force_Alignment Time: 123.92450976371765s
Total Time: 124.4760525226593s
Pre_Process Time: 0.5654323101043701s
Force_Alignment Time: 124.69545006752014s
Total Time: 125.2609236240387s
Pre_Process Time: 0.5619335174560547s
Cal_Dist_Matrix Time: 282.32229256629944s
Force_Alignment Time: 53.35966777801514s
Align_Correct Time: 0.0007603168487548828s
Result_Output Time: 0.0003418922424316406s
Total Time: 337.740510225296s
Pre_Process Time: 0.553290843963623s
Force_Alignment Time: 7.132426023483276s
Total Time: 7.68575119972229s
Pre_Process Time: 0.5536243915557861s
Force_Alignment Time: 7.218034982681274s
Total Time: 7.771703720092773s
Pre_Process Time: 0.5606026649475098s
Cal_Dist_Matrix Time: 15.53480839729309s
Force_Alignment Time: 3.508411169052124s
Align_Correct Time: 7.867813110351562e-06s
Result_Output Time: 0.00014591217041015625s
Total Time: 19.686975955963135s
Pre_Process Time: 0.5653083324432373s
Force_Alignment Time: 135.890394449234s
Total Time: 136.45574951171875s
Pre_Process Time: 0.5569603443145752s
Force_Alignment Time: 136.91633200645447s
Total Time: 137.47334051132202s
Pre_Process Time: 0.5636739730834961s
Cal_Dist_Matrix Time: 315.94481921195984s
Force_Alignment Time: 59.23144793510437s
Align_Correct Time: 0.0007903575897216797s
Result_Output Time: 0.0003032684326171875s
Total Time: 377.371253490448s
Pre_Process Time: 0.5595989227294922s
Force_Alignment Time: 103.38815450668335s
Total Time: 103.9478006362915s
Pre_Process Time: 0.5570929050445557s
Force_Alignment Time: 104.70578217506409s
Total Time: 105.26293301582336s
Pre_Process Time: 0.5613071918487549s
Cal_Dist_Matrix Time: 235.39551067352295s
Force_Alignment Time: 43.398492097854614s
Align_Correct Time: 0.0008518695831298828s
Result_Output Time: 0.00030112266540527344s
Total Time: 280.57291197776794s
Pre_Process Time: 0.5584163665771484s
Force_Alignment Time: 137.0883915424347s
Total Time: 137.64685797691345s
Pre_Process Time: 0.5519516468048096s
Force_Alignment Time: 137.5318911075592s
Total Time: 138.0838966369629s
Pre_Process Time: 0.5689327716827393s
Cal_Dist_Matrix Time: 310.7115912437439s
Force_Alignment Time: 58.26876163482666s
Align_Correct Time: 0.0009691715240478516s
Result_Output Time: 0.00034999847412109375s
Total Time: 371.18817138671875s
Pre_Process Time: 0.5688526630401611s
Force_Alignment Time: 137.75633192062378s
Total Time: 138.32523345947266s
Pre_Process Time: 0.5517573356628418s
Force_Alignment Time: 139.53081226348877s
Total Time: 140.08261466026306s
Pre_Process Time: 0.5625355243682861s
Cal_Dist_Matrix Time: 314.33433985710144s
Force_Alignment Time: 59.65646195411682s
Align_Correct Time: 0.0008170604705810547s
Result_Output Time: 0.00032591819763183594s
Total Time: 376.19378662109375s
Pre_Process Time: 0.5534334182739258s
Force_Alignment Time: 145.29549503326416s
Total Time: 145.84898161888123s
Pre_Process Time: 0.5666208267211914s
Force_Alignment Time: 146.34771156311035s
Total Time: 146.9143795967102s
Pre_Process Time: 0.5625331401824951s
Cal_Dist_Matrix Time: 330.4694781303406s
Force_Alignment Time: 62.84221529960632s
Align_Correct Time: 0.0008075237274169922s
Result_Output Time: 0.0003173351287841797s
Total Time: 395.59621357917786s
Pre_Process Time: 0.5688343048095703s
Force_Alignment Time: 153.80596685409546s
Total Time: 154.37485551834106s
Pre_Process Time: 0.5537450313568115s
Force_Alignment Time: 157.81325221061707s
Total Time: 158.36704301834106s
Pre_Process Time: 0.5680134296417236s
Cal_Dist_Matrix Time: 346.18813967704773s
Force_Alignment Time: 65.58621764183044s
Align_Correct Time: 0.0010313987731933594s
Result_Output Time: 0.00035691261291503906s
Total Time: 414.1905310153961s
Pre_Process Time: 0.5580580234527588s
Force_Alignment Time: 145.92963314056396s
Total Time: 146.48773670196533s
Pre_Process Time: 0.5588686466217041s
Force_Alignment Time: 146.6257073879242s
Total Time: 147.18462419509888s
Pre_Process Time: 0.566455602645874s
Cal_Dist_Matrix Time: 330.9768137931824s
Force_Alignment Time: 61.914113998413086s
Align_Correct Time: 0.0009603500366210938s
Result_Output Time: 0.0003077983856201172s
Total Time: 395.1291036605835s
Pre_Process Time: 0.5555102825164795s
Force_Alignment Time: 147.4313259124756s
Total Time: 147.9868848323822s
Pre_Process Time: 0.5628883838653564s
Force_Alignment Time: 150.00549507141113s
Total Time: 150.5684323310852s
Pre_Process Time: 0.5639948844909668s
Cal_Dist_Matrix Time: 340.54315280914307s
Force_Alignment Time: 64.81185293197632s
Align_Correct Time: 0.0008718967437744141s
Result_Output Time: 0.0003101825714111328s
Total Time: 407.7154760360718s
Pre_Process Time: 0.5623810291290283s
Force_Alignment Time: 65.3087112903595s
Total Time: 65.8711507320404s
Pre_Process Time: 0.5835146903991699s
Force_Alignment Time: 66.04528617858887s
Total Time: 66.62884402275085s
Pre_Process Time: 0.5729000568389893s
Cal_Dist_Matrix Time: 148.4295358657837s
Force_Alignment Time: 28.304367303848267s
Align_Correct Time: 0.0009741783142089844s
Result_Output Time: 0.00022459030151367188s
Total Time: 178.12388944625854s
Pre_Process Time: 0.5580976009368896s
Force_Alignment Time: 137.9564962387085s
Total Time: 138.51463890075684s
Pre_Process Time: 0.5616867542266846s
Force_Alignment Time: 138.7496509552002s
Total Time: 139.31138467788696s
Pre_Process Time: 0.5660173892974854s
Cal_Dist_Matrix Time: 316.5191934108734s
Force_Alignment Time: 61.5592622756958s
Align_Correct Time: 0.0009675025939941406s
Result_Output Time: 0.00036025047302246094s
Total Time: 380.36803150177s
Pre_Process Time: 0.5519840717315674s
Force_Alignment Time: 160.75005531311035s
Total Time: 161.30209064483643s
Pre_Process Time: 0.5624992847442627s
Force_Alignment Time: 162.69582319259644s
Total Time: 163.25836944580078s
Pre_Process Time: 0.5617256164550781s
Cal_Dist_Matrix Time: 372.5048418045044s
Force_Alignment Time: 69.98043584823608s
Align_Correct Time: 0.0008187294006347656s
Result_Output Time: 0.0003383159637451172s
Total Time: 445.11066818237305s
Pre_Process Time: 0.5565259456634521s
Force_Alignment Time: 148.16082882881165s
Total Time: 148.71740436553955s
Pre_Process Time: 0.5641601085662842s
Force_Alignment Time: 150.02267241477966s
Total Time: 150.5868844985962s
Pre_Process Time: 0.5626161098480225s
Cal_Dist_Matrix Time: 332.4488625526428s
Force_Alignment Time: 62.12539315223694s
Align_Correct Time: 0.0008575916290283203s
Result_Output Time: 0.0003457069396972656s
Total Time: 396.84838914871216s
Pre_Process Time: 0.5533483028411865s
Force_Alignment Time: 131.08690452575684s
Total Time: 131.64030146598816s
Pre_Process Time: 0.5608198642730713s
Force_Alignment Time: 131.48287677764893s
Total Time: 132.04374837875366s
Pre_Process Time: 0.5628845691680908s
Cal_Dist_Matrix Time: 298.8920199871063s
Force_Alignment Time: 55.416566371917725s
Align_Correct Time: 0.0006701946258544922s
Result_Output Time: 0.0003437995910644531s
Total Time: 356.48511576652527s
Pre_Process Time: 0.5662479400634766s
Force_Alignment Time: 169.14981126785278s
Total Time: 169.7161102294922s
Pre_Process Time: 0.5525693893432617s
Force_Alignment Time: 170.53153610229492s
Total Time: 171.08414959907532s
Pre_Process Time: 0.5643477439880371s
Cal_Dist_Matrix Time: 382.5384876728058s
Force_Alignment Time: 71.0874457359314s
Align_Correct Time: 0.0008196830749511719s
Result_Output Time: 0.0003814697265625s
Total Time: 456.1914291381836s
