Length of Original Text Segment: 193531
Pre_Process Time: 0.9692909717559814s
Length of Recognition Text: 3691
001.txt finished
Length of Recognition Text: 3845
002.txt finished
Length of Recognition Text: 3877
003.txt finished
Length of Recognition Text: 3916
004.txt finished
Length of Recognition Text: 4029
005.txt finished
Length of Recognition Text: 4000
006.txt finished
Length of Recognition Text: 3657
007.txt finished
Length of Recognition Text: 4543
008.txt finished
Length of Recognition Text: 4200
009.txt finished
Length of Recognition Text: 3875
010.txt finished
Length of Recognition Text: 3932
011.txt finished
Length of Recognition Text: 4012
012.txt finished
Length of Recognition Text: 3443
013.txt finished
Length of Recognition Text: 3964
014.txt finished
Length of Recognition Text: 4008
015.txt finished
Length of Recognition Text: 4073
016.txt finished
Length of Recognition Text: 4185
017.txt finished
Length of Recognition Text: 4108
018.txt finished
Length of Recognition Text: 4163
019.txt finished
Length of Recognition Text: 4053
020.txt finished
Length of Recognition Text: 4502
021.txt finished
Length of Recognition Text: 4470
022.txt finished
Length of Recognition Text: 4203
023.txt finished
Length of Recognition Text: 4011
024.txt finished
Length of Recognition Text: 4494
025.txt finished
Text_Split Time: 8434.59815788269s
Total Time: 8435.567480564117s
